\BOOKMARK [1][-]{section.1}{\376\377\000I\000n\000t\000r\000o\000d\000u\000c\000t\000i\000o\000n}{}% 1
\BOOKMARK [2][-]{subsection.1.1}{\376\377\000B\000a\000s\000e\000\040\000U\000R\000L}{section.1}% 2
\BOOKMARK [2][-]{subsection.1.2}{\376\377\000A\000u\000t\000h\000e\000n\000t\000i\000c\000a\000t\000i\000o\000n}{section.1}% 3
\BOOKMARK [2][-]{subsection.1.3}{\376\377\000C\000o\000m\000m\000o\000n\000\040\000E\000r\000r\000o\000r\000\040\000S\000c\000h\000e\000m\000a}{section.1}% 4
\BOOKMARK [2][-]{subsection.1.4}{\376\377\000S\000y\000s\000t\000e\000m\000\040\000A\000r\000c\000h\000i\000t\000e\000c\000t\000u\000r\000e\000\040\000O\000v\000e\000r\000v\000i\000e\000w}{section.1}% 5
\BOOKMARK [1][-]{section.2}{\376\377\000O\000C\000P\000P\000\040\000C\000h\000a\000r\000g\000i\000n\000g\000\040\000M\000o\000n\000i\000t\000o\000r\000i\000n\000g\000\040\000A\000P\000I}{}% 6
\BOOKMARK [2][-]{subsection.2.1}{\376\377\000D\000a\000t\000a\000\040\000M\000o\000d\000e\000l\000s}{section.2}% 7
\BOOKMARK [3][-]{subsubsection.2.1.1}{\376\377\000S\000t\000a\000t\000i\000o\000n\000\040\000O\000b\000j\000e\000c\000t}{subsection.2.1}% 8
\BOOKMARK [2][-]{subsection.2.2}{\376\377\000E\000n\000d\000p\000o\000i\000n\000t\000s}{section.2}% 9
\BOOKMARK [3][-]{subsubsection.2.2.1}{\376\377\000e\000v\000b\000l\000u\000e\000!\0002\0000\000e\000v\000b\000l\000u\000e\000G\000E\000T\000\040\000\040\000/\000o\000c\000p\000p\000/\000s\000t\000a\000t\000i\000o\000n\000s\000\040\040\024\000\040\000L\000i\000s\000t\000\040\000a\000l\000l\000\040\000s\000t\000a\000t\000i\000o\000n\000s}{subsection.2.2}% 10
\BOOKMARK [3][-]{subsubsection.2.2.2}{\376\377\000e\000v\000b\000l\000u\000e\000!\0002\0000\000e\000v\000b\000l\000u\000e\000G\000E\000T\000\040\000\040\000/\000o\000c\000p\000p\000/\000s\000t\000a\000t\000i\000o\000n\000s\000/\000\173\000i\000d\000\175\000\040\040\024\000\040\000G\000e\000t\000\040\000s\000i\000n\000g\000l\000e\000\040\000s\000t\000a\000t\000i\000o\000n}{subsection.2.2}% 11
\BOOKMARK [3][-]{subsubsection.2.2.3}{\376\377\000e\000m\000s\000g\000r\000e\000e\000n\000!\0002\0000\000e\000m\000s\000g\000r\000e\000e\000n\000P\000O\000S\000T\000\040\000\040\000/\000o\000c\000p\000p\000/\000s\000t\000a\000t\000i\000o\000n\000s\000/\000\173\000i\000d\000\175\000/\000c\000o\000m\000m\000a\000n\000d\000\040\040\024\000\040\000S\000e\000n\000d\000\040\000r\000e\000m\000o\000t\000e\000\040\000c\000o\000m\000m\000a\000n\000d}{subsection.2.2}% 12
\BOOKMARK [3][-]{subsubsection.2.2.4}{\376\377\000c\000a\000r\000g\000o\000a\000m\000b\000e\000r\000!\0002\0000\000c\000a\000r\000g\000o\000a\000m\000b\000e\000r\000P\000U\000T\000\040\000\040\000/\000o\000c\000p\000p\000/\000s\000t\000a\000t\000i\000o\000n\000s\000/\000\173\000i\000d\000\175\000/\000s\000c\000h\000e\000d\000u\000l\000e\000\040\040\024\000\040\000U\000p\000d\000a\000t\000e\000\040\000c\000h\000a\000r\000g\000i\000n\000g\000\040\000s\000c\000h\000e\000d\000u\000l\000e}{subsection.2.2}% 13
\BOOKMARK [2][-]{subsection.2.3}{\376\377\000W\000e\000b\000S\000o\000c\000k\000e\000t\000\040\040\024\000\040\000L\000i\000v\000e\000\040\000T\000e\000l\000e\000m\000e\000t\000r\000y\000\040\000S\000t\000r\000e\000a\000m}{section.2}% 14
\BOOKMARK [1][-]{section.3}{\376\377\000E\000n\000e\000r\000g\000y\000\040\000M\000a\000n\000a\000g\000e\000m\000e\000n\000t\000\040\000S\000y\000s\000t\000e\000m\000\040\000\050\000E\000M\000S\000\051\000\040\000A\000P\000I}{}% 15
\BOOKMARK [2][-]{subsection.3.1}{\376\377\000D\000a\000t\000a\000\040\000M\000o\000d\000e\000l\000s}{section.3}% 16
\BOOKMARK [3][-]{subsubsection.3.1.1}{\376\377\000F\000a\000c\000i\000l\000i\000t\000y\000\040\000O\000b\000j\000e\000c\000t}{subsection.3.1}% 17
\BOOKMARK [3][-]{subsubsection.3.1.2}{\376\377\000Z\000o\000n\000e\000\040\000O\000b\000j\000e\000c\000t\000\040\000\050\000E\000M\000S\000\040\040\024\000\040\000a\000u\000t\000h\000o\000r\000i\000t\000a\000t\000i\000v\000e\000\040\000s\000e\000n\000s\000o\000r\000\040\000r\000e\000c\000o\000r\000d\000\051}{subsection.3.1}% 18
\BOOKMARK [3][-]{subsubsection.3.1.3}{\376\377\000E\000n\000e\000r\000g\000y\000\040\000R\000e\000a\000d\000i\000n\000g\000\040\000O\000b\000j\000e\000c\000t\000\040\000\050\000T\000i\000m\000e\000-\000S\000e\000r\000i\000e\000s\000\051}{subsection.3.1}% 19
\BOOKMARK [2][-]{subsection.3.2}{\376\377\000E\000n\000d\000p\000o\000i\000n\000t\000s}{section.3}% 20
\BOOKMARK [3][-]{subsubsection.3.2.1}{\376\377\000e\000v\000b\000l\000u\000e\000!\0002\0000\000e\000v\000b\000l\000u\000e\000G\000E\000T\000\040\000\040\000/\000e\000m\000s\000/\000f\000a\000c\000i\000l\000i\000t\000i\000e\000s\000\040\040\024\000\040\000L\000i\000s\000t\000\040\000f\000a\000c\000i\000l\000i\000t\000i\000e\000s}{subsection.3.2}% 21
\BOOKMARK [3][-]{subsubsection.3.2.2}{\376\377\000e\000v\000b\000l\000u\000e\000!\0002\0000\000e\000v\000b\000l\000u\000e\000G\000E\000T\000\040\000\040\000/\000e\000m\000s\000/\000f\000a\000c\000i\000l\000i\000t\000i\000e\000s\000/\000\173\000i\000d\000\175\000\040\040\024\000\040\000G\000e\000t\000\040\000f\000a\000c\000i\000l\000i\000t\000y\000\040\000d\000e\000t\000a\000i\000l\000s}{subsection.3.2}% 22
\BOOKMARK [3][-]{subsubsection.3.2.3}{\376\377\000e\000v\000b\000l\000u\000e\000!\0002\0000\000e\000v\000b\000l\000u\000e\000G\000E\000T\000\040\000\040\000/\000e\000m\000s\000/\000f\000a\000c\000i\000l\000i\000t\000i\000e\000s\000/\000\173\000i\000d\000\175\000/\000r\000e\000a\000d\000i\000n\000g\000s\000\040\040\024\000\040\000Q\000u\000e\000r\000y\000\040\000t\000i\000m\000e\000-\000s\000e\000r\000i\000e\000s\000\040\000d\000a\000t\000a}{subsection.3.2}% 23
\BOOKMARK [3][-]{subsubsection.3.2.4}{\376\377\000e\000v\000b\000l\000u\000e\000!\0002\0000\000e\000v\000b\000l\000u\000e\000G\000E\000T\000\040\000\040\000/\000e\000m\000s\000/\000f\000a\000c\000i\000l\000i\000t\000i\000e\000s\000/\000\173\000i\000d\000\175\000/\000a\000n\000a\000l\000y\000t\000i\000c\000s\000\040\040\024\000\040\000D\000e\000m\000a\000n\000d\000\040\000a\000n\000a\000l\000y\000t\000i\000c\000s}{subsection.3.2}% 24
\BOOKMARK [3][-]{subsubsection.3.2.5}{\376\377\000e\000v\000b\000l\000u\000e\000!\0002\0000\000e\000v\000b\000l\000u\000e\000G\000E\000T\000\040\000\040\000/\000e\000m\000s\000/\000f\000a\000c\000i\000l\000i\000t\000i\000e\000s\000/\000\173\000i\000d\000\175\000/\000z\000o\000n\000e\000s\000\040\040\024\000\040\000L\000i\000s\000t\000\040\000z\000o\000n\000e\000s\000\040\000w\000i\000t\000h\000\040\000s\000e\000n\000s\000o\000r\000\040\000d\000a\000t\000a}{subsection.3.2}% 25
\BOOKMARK [3][-]{subsubsection.3.2.6}{\376\377\000e\000v\000b\000l\000u\000e\000!\0002\0000\000e\000v\000b\000l\000u\000e\000G\000E\000T\000\040\000\040\000/\000e\000m\000s\000/\000f\000a\000c\000i\000l\000i\000t\000i\000e\000s\000/\000\173\000i\000d\000\175\000/\000z\000o\000n\000e\000s\000/\000\173\000z\000o\000n\000e\000I\000d\000\175\000\040\040\024\000\040\000S\000i\000n\000g\000l\000e\000\040\000z\000o\000n\000e\000\040\000d\000e\000t\000a\000i\000l}{subsection.3.2}% 26
\BOOKMARK [3][-]{subsubsection.3.2.7}{\376\377\000e\000v\000b\000l\000u\000e\000!\0002\0000\000e\000v\000b\000l\000u\000e\000G\000E\000T\000\040\000\040\000/\000e\000m\000s\000/\000f\000a\000c\000i\000l\000i\000t\000i\000e\000s\000/\000\173\000i\000d\000\175\000/\000z\000o\000n\000e\000s\000/\000\173\000z\000o\000n\000e\000I\000d\000\175\000/\000r\000e\000a\000d\000i\000n\000g\000s\000\040\040\024\000\040\000Z\000o\000n\000e\000\040\000s\000e\000n\000s\000o\000r\000\040\000a\000n\000d\000\040\000e\000n\000e\000r\000g\000y\000\040\000h\000i\000s\000t\000o\000r\000y}{subsection.3.2}% 27
\BOOKMARK [3][-]{subsubsection.3.2.8}{\376\377\000c\000a\000r\000g\000o\000a\000m\000b\000e\000r\000!\0002\0000\000c\000a\000r\000g\000o\000a\000m\000b\000e\000r\000P\000U\000T\000\040\000\040\000/\000e\000m\000s\000/\000f\000a\000c\000i\000l\000i\000t\000i\000e\000s\000/\000\173\000i\000d\000\175\000/\000z\000o\000n\000e\000s\000/\000\173\000z\000o\000n\000e\000I\000d\000\175\000/\000t\000h\000r\000e\000s\000h\000o\000l\000d\000s\000\040\040\024\000\040\000U\000p\000d\000a\000t\000e\000\040\000z\000o\000n\000e\000\040\000t\000h\000r\000e\000s\000h\000o\000l\000d\000s}{subsection.3.2}% 28
\BOOKMARK [3][-]{subsubsection.3.2.9}{\376\377\000e\000m\000s\000g\000r\000e\000e\000n\000!\0002\0000\000e\000m\000s\000g\000r\000e\000e\000n\000P\000O\000S\000T\000\040\000\040\000/\000e\000m\000s\000/\000f\000a\000c\000i\000l\000i\000t\000i\000e\000s\000/\000\173\000i\000d\000\175\000/\000d\000e\000m\000a\000n\000d\000-\000r\000e\000s\000p\000o\000n\000s\000e\000\040\040\024\000\040\000T\000r\000i\000g\000g\000e\000r\000\040\000d\000e\000m\000a\000n\000d\000\040\000r\000e\000s\000p\000o\000n\000s\000e}{subsection.3.2}% 29
\BOOKMARK [3][-]{subsubsection.3.2.10}{\376\377\000c\000a\000r\000g\000o\000a\000m\000b\000e\000r\000!\0002\0000\000c\000a\000r\000g\000o\000a\000m\000b\000e\000r\000P\000U\000T\000\040\000\040\000/\000e\000m\000s\000/\000f\000a\000c\000i\000l\000i\000t\000i\000e\000s\000/\000\173\000i\000d\000\175\000/\000p\000o\000w\000e\000r\000-\000l\000i\000m\000i\000t\000\040\040\024\000\040\000S\000e\000t\000\040\000i\000m\000p\000o\000r\000t\000\040\000l\000i\000m\000i\000t}{subsection.3.2}% 30
\BOOKMARK [2][-]{subsection.3.3}{\376\377\000W\000e\000b\000S\000o\000c\000k\000e\000t\000\040\040\024\000\040\000L\000i\000v\000e\000\040\000E\000n\000e\000r\000g\000y\000\040\000F\000e\000e\000d}{section.3}% 31
\BOOKMARK [1][-]{section.4}{\376\377\000C\000a\000r\000g\000o\000\040\000S\000p\000a\000c\000e\000\040\000M\000o\000n\000i\000t\000o\000r\000i\000n\000g\000\040\000A\000P\000I}{}% 32
\BOOKMARK [2][-]{subsection.4.1}{\376\377\000D\000a\000t\000a\000\040\000M\000o\000d\000e\000l\000s}{section.4}% 33
\BOOKMARK [3][-]{subsubsection.4.1.1}{\376\377\000T\000r\000u\000c\000k\000\040\000O\000b\000j\000e\000c\000t}{subsection.4.1}% 34
\BOOKMARK [3][-]{subsubsection.4.1.2}{\376\377\000R\000o\000u\000t\000e\000\040\000O\000b\000j\000e\000c\000t}{subsection.4.1}% 35
\BOOKMARK [3][-]{subsubsection.4.1.3}{\376\377\000T\000r\000i\000p\000\040\000O\000b\000j\000e\000c\000t}{subsection.4.1}% 36
\BOOKMARK [3][-]{subsubsection.4.1.4}{\376\377\000S\000t\000a\000t\000i\000o\000n\000\040\000O\000b\000j\000e\000c\000t}{subsection.4.1}% 37
\BOOKMARK [2][-]{subsection.4.2}{\376\377\000T\000r\000u\000c\000k\000\040\000E\000n\000d\000p\000o\000i\000n\000t\000s}{section.4}% 38
\BOOKMARK [3][-]{subsubsection.4.2.1}{\376\377\000e\000v\000b\000l\000u\000e\000!\0002\0000\000e\000v\000b\000l\000u\000e\000G\000E\000T\000\040\000\040\000/\000c\000a\000r\000g\000o\000/\000t\000r\000u\000c\000k\000s\000\040\040\024\000\040\000L\000i\000v\000e\000\040\000t\000r\000u\000c\000k\000\040\000m\000a\000p\000\040\000d\000a\000t\000a}{subsection.4.2}% 39
\BOOKMARK [3][-]{subsubsection.4.2.2}{\376\377\000e\000v\000b\000l\000u\000e\000!\0002\0000\000e\000v\000b\000l\000u\000e\000G\000E\000T\000\040\000\040\000/\000c\000a\000r\000g\000o\000/\000t\000r\000u\000c\000k\000s\000/\000\173\000i\000d\000\175\000\040\040\024\000\040\000G\000e\000t\000\040\000s\000i\000n\000g\000l\000e\000\040\000t\000r\000u\000c\000k}{subsection.4.2}% 40
\BOOKMARK [3][-]{subsubsection.4.2.3}{\376\377\000e\000v\000b\000l\000u\000e\000!\0002\0000\000e\000v\000b\000l\000u\000e\000G\000E\000T\000\040\000\040\000/\000c\000a\000r\000g\000o\000/\000t\000r\000u\000c\000k\000s\000/\000\173\000i\000d\000\175\000/\000t\000r\000i\000p\000s\000\040\040\024\000\040\000T\000r\000u\000c\000k\000\040\000t\000r\000i\000p\000\040\000h\000i\000s\000t\000o\000r\000y}{subsection.4.2}% 41
\BOOKMARK [2][-]{subsection.4.3}{\376\377\000R\000o\000u\000t\000e\000\040\000E\000n\000d\000p\000o\000i\000n\000t\000s}{section.4}% 42
\BOOKMARK [3][-]{subsubsection.4.3.1}{\376\377\000e\000v\000b\000l\000u\000e\000!\0002\0000\000e\000v\000b\000l\000u\000e\000G\000E\000T\000\040\000\040\000/\000c\000a\000r\000g\000o\000/\000r\000o\000u\000t\000e\000s\000\040\040\024\000\040\000L\000i\000s\000t\000\040\000r\000o\000u\000t\000e\000s}{subsection.4.3}% 43
\BOOKMARK [3][-]{subsubsection.4.3.2}{\376\377\000e\000v\000b\000l\000u\000e\000!\0002\0000\000e\000v\000b\000l\000u\000e\000G\000E\000T\000\040\000\040\000/\000c\000a\000r\000g\000o\000/\000r\000o\000u\000t\000e\000s\000/\000\173\000i\000d\000\175\000\040\040\024\000\040\000R\000o\000u\000t\000e\000\040\000d\000e\000t\000a\000i\000l\000s}{subsection.4.3}% 44
\BOOKMARK [3][-]{subsubsection.4.3.3}{\376\377\000e\000v\000b\000l\000u\000e\000!\0002\0000\000e\000v\000b\000l\000u\000e\000G\000E\000T\000\040\000\040\000/\000c\000a\000r\000g\000o\000/\000r\000o\000u\000t\000e\000s\000/\000\173\000i\000d\000\175\000/\000t\000r\000i\000p\000s\000\040\040\024\000\040\000T\000r\000i\000p\000s\000\040\000f\000o\000r\000\040\000a\000\040\000r\000o\000u\000t\000e}{subsection.4.3}% 45
\BOOKMARK [2][-]{subsection.4.4}{\376\377\000T\000r\000i\000p\000\040\000E\000n\000d\000p\000o\000i\000n\000t\000s}{section.4}% 46
\BOOKMARK [3][-]{subsubsection.4.4.1}{\376\377\000e\000v\000b\000l\000u\000e\000!\0002\0000\000e\000v\000b\000l\000u\000e\000G\000E\000T\000\040\000\040\000/\000c\000a\000r\000g\000o\000/\000t\000r\000i\000p\000s\000\040\040\024\000\040\000S\000e\000a\000r\000c\000h\000\040\000t\000r\000i\000p\000s}{subsection.4.4}% 47
\BOOKMARK [3][-]{subsubsection.4.4.2}{\376\377\000e\000v\000b\000l\000u\000e\000!\0002\0000\000e\000v\000b\000l\000u\000e\000G\000E\000T\000\040\000\040\000/\000c\000a\000r\000g\000o\000/\000t\000r\000i\000p\000s\000/\000\173\000i\000d\000\175\000\040\040\024\000\040\000G\000e\000t\000\040\000f\000u\000l\000l\000\040\000t\000r\000i\000p\000\040\000d\000e\000t\000a\000i\000l}{subsection.4.4}% 48
\BOOKMARK [2][-]{subsection.4.5}{\376\377\000P\000l\000a\000n\000n\000i\000n\000g\000\040\000A\000n\000a\000l\000y\000t\000i\000c\000s\000\040\000E\000n\000d\000p\000o\000i\000n\000t\000s}{section.4}% 49
\BOOKMARK [3][-]{subsubsection.4.5.1}{\376\377\000e\000v\000b\000l\000u\000e\000!\0002\0000\000e\000v\000b\000l\000u\000e\000G\000E\000T\000\040\000\040\000/\000c\000a\000r\000g\000o\000/\000a\000n\000a\000l\000y\000t\000i\000c\000s\000/\000u\000t\000i\000l\000i\000z\000a\000t\000i\000o\000n\000\040\040\024\000\040\000L\000o\000a\000d\000\040\000u\000t\000i\000l\000i\000z\000a\000t\000i\000o\000n\000\040\000o\000v\000e\000r\000\040\000t\000i\000m\000e}{subsection.4.5}% 50
\BOOKMARK [3][-]{subsubsection.4.5.2}{\376\377\000e\000v\000b\000l\000u\000e\000!\0002\0000\000e\000v\000b\000l\000u\000e\000G\000E\000T\000\040\000\040\000/\000c\000a\000r\000g\000o\000/\000a\000n\000a\000l\000y\000t\000i\000c\000s\000/\000p\000l\000a\000n\000n\000i\000n\000g\000\040\040\024\000\040\000F\000l\000e\000e\000t\000\040\000p\000l\000a\000n\000n\000i\000n\000g\000\040\000r\000e\000c\000o\000m\000m\000e\000n\000d\000a\000t\000i\000o\000n\000s}{subsection.4.5}% 51
\BOOKMARK [3][-]{subsubsection.4.5.3}{\376\377\000e\000v\000b\000l\000u\000e\000!\0002\0000\000e\000v\000b\000l\000u\000e\000G\000E\000T\000\040\000\040\000/\000c\000a\000r\000g\000o\000/\000a\000n\000a\000l\000y\000t\000i\000c\000s\000/\000l\000o\000a\000d\000-\000h\000i\000s\000t\000o\000r\000y\000\040\040\024\000\040\000L\000o\000a\000d\000\040\000t\000r\000e\000n\000d\000\040\000w\000i\000t\000h\000\040\000p\000h\000o\000t\000o\000s}{subsection.4.5}% 52
\BOOKMARK [2][-]{subsection.4.6}{\376\377\000S\000t\000a\000t\000i\000o\000n\000\040\000E\000n\000d\000p\000o\000i\000n\000t\000s}{section.4}% 53
\BOOKMARK [3][-]{subsubsection.4.6.1}{\376\377\000e\000v\000b\000l\000u\000e\000!\0002\0000\000e\000v\000b\000l\000u\000e\000G\000E\000T\000\040\000\040\000/\000c\000a\000r\000g\000o\000/\000s\000t\000a\000t\000i\000o\000n\000s\000\040\040\024\000\040\000L\000i\000s\000t\000\040\000s\000t\000a\000t\000i\000o\000n\000s}{subsection.4.6}% 54
\BOOKMARK [3][-]{subsubsection.4.6.2}{\376\377\000e\000v\000b\000l\000u\000e\000!\0002\0000\000e\000v\000b\000l\000u\000e\000G\000E\000T\000\040\000\040\000/\000c\000a\000r\000g\000o\000/\000s\000t\000a\000t\000i\000o\000n\000s\000/\000\173\000i\000d\000\175\000\040\040\024\000\040\000G\000e\000t\000\040\000s\000t\000a\000t\000i\000o\000n}{subsection.4.6}% 55
\BOOKMARK [2][-]{subsection.4.7}{\376\377\000A\000l\000e\000r\000t\000\040\000E\000n\000d\000p\000o\000i\000n\000t\000s}{section.4}% 56
\BOOKMARK [3][-]{subsubsection.4.7.1}{\376\377\000e\000v\000b\000l\000u\000e\000!\0002\0000\000e\000v\000b\000l\000u\000e\000G\000E\000T\000\040\000\040\000/\000c\000a\000r\000g\000o\000/\000a\000l\000e\000r\000t\000s\000\040\040\024\000\040\000L\000i\000s\000t\000\040\000a\000c\000t\000i\000v\000e\000\040\000a\000l\000e\000r\000t\000s}{subsection.4.7}% 57
\BOOKMARK [3][-]{subsubsection.4.7.2}{\376\377\000e\000m\000s\000g\000r\000e\000e\000n\000!\0002\0000\000e\000m\000s\000g\000r\000e\000e\000n\000P\000O\000S\000T\000\040\000\040\000/\000c\000a\000r\000g\000o\000/\000a\000l\000e\000r\000t\000s\000/\000\173\000a\000l\000e\000r\000t\000I\000d\000\175\000/\000a\000c\000k\000n\000o\000w\000l\000e\000d\000g\000e\000\040\040\024\000\040\000A\000c\000k\000n\000o\000w\000l\000e\000d\000g\000e\000\040\000a\000l\000e\000r\000t}{subsection.4.7}% 58
\BOOKMARK [2][-]{subsection.4.8}{\376\377\000W\000e\000b\000S\000o\000c\000k\000e\000t\000\040\040\024\000\040\000L\000i\000v\000e\000\040\000C\000a\000r\000g\000o\000\040\000a\000n\000d\000\040\000F\000l\000e\000e\000t\000\040\000F\000e\000e\000d}{section.4}% 59
\BOOKMARK [1][-]{section.5}{\376\377\000C\000r\000o\000s\000s\000-\000S\000y\000s\000t\000e\000m\000\040\000I\000n\000t\000e\000g\000r\000a\000t\000i\000o\000n}{}% 60
\BOOKMARK [2][-]{subsection.5.1}{\376\377\000S\000m\000a\000r\000t\000\040\000C\000h\000a\000r\000g\000i\000n\000g\000\040\000w\000i\000t\000h\000\040\000E\000M\000S}{section.5}% 61
\BOOKMARK [2][-]{subsection.5.2}{\376\377\000S\000t\000a\000t\000i\000o\000n\000\040\000E\000n\000e\000r\000g\000y\000\040\000a\000n\000d\000\040\000C\000a\000r\000g\000o\000\040\000O\000p\000e\000r\000a\000t\000i\000o\000n\000s\000\040\000\050\000E\000M\000S\000\040\000+\000\040\000C\000a\000r\000g\000o\000\051}{section.5}% 62
\BOOKMARK [2][-]{subsection.5.3}{\376\377\000C\000o\000l\000d\000-\000C\000h\000a\000i\000n\000\040\000A\000l\000e\000r\000t\000\040\000t\000o\000\040\000F\000l\000e\000e\000t\000\040\000D\000i\000s\000p\000a\000t\000c\000h}{section.5}% 63
\BOOKMARK [2][-]{subsection.5.4}{\376\377\000S\000h\000a\000r\000e\000d\000\040\000W\000e\000b\000h\000o\000o\000k\000\040\000C\000o\000n\000t\000r\000a\000c\000t}{section.5}% 64
\BOOKMARK [1][-]{section.6}{\376\377\000A\000P\000I\000\040\000Q\000u\000i\000c\000k\000\040\000R\000e\000f\000e\000r\000e\000n\000c\000e}{}% 65
